<?xml version="1.0" encoding="UTF-8"?>
<!-- Generated by org.testng.reporters.JUnitReportReporter -->
<testsuite skipped="0" hostname="AbdulRaheem" name="highlightElement.HighlightElementDemo1" tests="1" failures="0" timestamp="10 Feb 2020 16:30:59 GMT" time="5.484" errors="0">
  <testcase name="validateDripdown" time="5.484" classname="highlightElement.HighlightElementDemo1"/>
</testsuite> <!-- highlightElement.HighlightElementDemo1 -->
